<?xml version="1.0" encoding="UTF-8"?>
<!-- Generated by org.testng.reporters.JUnitReportReporter -->
<testsuite hostname="DESKTOP-VV0NNBG" failures="0" tests="1" name="Sprint_6_Positive_Negative.g_EventsAllActions" time="65.832" errors="0" timestamp="2024-07-05T17:53:46 IST" skipped="0">
  <testcase classname="Sprint_6_Positive_Negative.g_EventsAllActions" name="eventsAllActionsTest" time="65.832"/>
  <system-out/>
</testsuite> <!-- Sprint_6_Positive_Negative.g_EventsAllActions -->
