<?xml version="1.0" encoding="UTF-8"?>
<!-- Generated by org.testng.reporters.JUnitReportReporter -->
<testsuite hostname="DESKTOP-VV0NNBG" failures="0" tests="12" name="Sprint_4_Negative.Main_Banners" time="324.948" errors="0" timestamp="2024-07-03T14:37:20 IST" skipped="0">
  <testcase classname="Sprint_4_Negative.Main_Banners" name="f_add_Main_Banner_page_Sequence_Test" time="25.405"/>
  <system-out/>
  <testcase classname="Sprint_4_Negative.Main_Banners" name="c_add_Main_Banner_page_Date_Test" time="25.053"/>
  <system-out/>
  <testcase classname="Sprint_4_Negative.Main_Banners" name="d_add_Main_Banner_page_Image_Test" time="26.279"/>
  <system-out/>
  <testcase classname="Sprint_4_Negative.Main_Banners" name="l_bootstrap_button_on_for_specific_Main_banner_UpTest" time="18.301"/>
  <system-out/>
  <testcase classname="Sprint_4_Negative.Main_Banners" name="j_Edit_button_in_main_banner_page_Test" time="40.553"/>
  <system-out/>
  <testcase classname="Sprint_4_Negative.Main_Banners" name="h_add_Main_Banner_page_Date_Image_Sequence_CloseBtn_Test" time="32.470"/>
  <system-out/>
  <testcase classname="Sprint_4_Negative.Main_Banners" name="b_main_Banner_Add_Button_Test" time="22.964"/>
  <system-out/>
  <testcase classname="Sprint_4_Negative.Main_Banners" name="g_add_Main_Banner_page_Expired_Date_Image_Sequence_Test" time="33.269"/>
  <system-out/>
  <testcase classname="Sprint_4_Negative.Main_Banners" name="e_add_Main_Banner_page_Date_Image_Test" time="29.188"/>
  <system-out/>
  <testcase classname="Sprint_4_Negative.Main_Banners" name="i_add_Main_Banner_page_Date_Image_Sequence_WrongDate_Test" time="35.852"/>
  <system-out/>
  <testcase classname="Sprint_4_Negative.Main_Banners" name="k_bootstrap_button_off_for_specific_Main_banner_Test" time="18.456"/>
  <system-out/>
  <testcase classname="Sprint_4_Negative.Main_Banners" name="a_main_Banner_Module_redirection_Test" time="17.158"/>
  <system-out/>
</testsuite> <!-- Sprint_4_Negative.Main_Banners -->
