<?xml version="1.0" encoding="UTF-8"?>
<!-- Generated by org.testng.reporters.JUnitReportReporter -->
<testsuite hostname="Vicky" failures="0" tests="1" name="Sprint_7_Positive.b_MatrikaLogin" time="31.780" errors="0" timestamp="2024-06-14T17:55:15 IST" skipped="0">
  <testcase classname="Sprint_7_Positive.b_MatrikaLogin" name="b_loginAndProductCheckingTest" time="31.780"/>
  <system-out/>
</testsuite> <!-- Sprint_7_Positive.b_MatrikaLogin -->
