<?xml version="1.0" encoding="UTF-8"?>
<!-- Generated by org.testng.reporters.JUnitReportReporter -->
<testsuite hostname="DESKTOP-VV0NNBG" failures="0" tests="7" name="Sprint_4_Negative.All_Gift_Cards" time="180.823" errors="0" timestamp="2024-07-03T14:37:20 IST" skipped="0">
  <testcase classname="Sprint_4_Negative.All_Gift_Cards" name="g_add_Gift_Card_Page_Search_Feild_Test" time="19.559"/>
  <system-out/>
  <testcase classname="Sprint_4_Negative.All_Gift_Cards" name="b_add_Gift_Card_Page_Merchant_Test" time="26.689"/>
  <system-out/>
  <testcase classname="Sprint_4_Negative.All_Gift_Cards" name="f_add_Gift_Card_Page_Close_button_Test" time="28.538"/>
  <system-out/>
  <testcase classname="Sprint_4_Negative.All_Gift_Cards" name="d_add_Gift_Card_Page_Merchant_Amount_Secret_Key_Test" time="28.057"/>
  <system-out/>
  <testcase classname="Sprint_4_Negative.All_Gift_Cards" name="e_add_Gift_Card_Page_Valid_Secret_Key_Test" time="29.213"/>
  <system-out/>
  <testcase classname="Sprint_4_Negative.All_Gift_Cards" name="c_add_Gift_Card_Page_Merchant_Amount_Test" time="24.270"/>
  <system-out/>
  <testcase classname="Sprint_4_Negative.All_Gift_Cards" name="a_add_Gift_Card_Page_Add_Button_Test" time="24.497"/>
  <system-out/>
</testsuite> <!-- Sprint_4_Negative.All_Gift_Cards -->
