<?xml version="1.0" encoding="UTF-8"?>
<!-- Generated by org.testng.reporters.JUnitReportReporter -->
<testsuite hostname="DESKTOP-VV0NNBG" failures="0" tests="2" name="sprint_3_Negative.A_E_Commerce_LoginErrors" time="29.155" errors="0" timestamp="2024-07-02T12:23:27 IST" skipped="0">
  <testcase classname="sprint_3_Negative.A_E_Commerce_LoginErrors" name="a_loginWithInvalidCredentialsErrorTest" time="13.825"/>
  <system-out/>
  <testcase classname="sprint_3_Negative.A_E_Commerce_LoginErrors" name="b_loginToApplicationWithInvalidCredentialsErrorTest" time="15.330"/>
  <system-out/>
</testsuite> <!-- sprint_3_Negative.A_E_Commerce_LoginErrors -->
