<?xml version="1.0" encoding="UTF-8"?>
<!-- Generated by org.testng.reporters.JUnitReportReporter -->
<testsuite hostname="DESKTOP-VV0NNBG" failures="0" tests="1" name="sprint_4_Banners_Positive.c_Banners_SplashBanners" time="72.210" errors="0" timestamp="2024-07-03T15:24:59 IST" skipped="0">
  <testcase classname="sprint_4_Banners_Positive.c_Banners_SplashBanners" name="splashBannersAllActionsTest" time="72.210"/>
  <system-out/>
</testsuite> <!-- sprint_4_Banners_Positive.c_Banners_SplashBanners -->
