<?xml version="1.0" encoding="UTF-8"?>
<!-- Generated by org.testng.reporters.JUnitReportReporter -->
<testsuite hostname="DESKTOP-VV0NNBG" failures="0" tests="6" name="sprint_3_Negative.E_E_Commerce_Brands" time="207.578" errors="0" timestamp="2024-07-02T12:23:27 IST" skipped="0">
  <testcase classname="sprint_3_Negative.E_E_Commerce_Brands" name="a_addingBrandsByGivingNullValuesErrorTest" time="24.899"/>
  <system-out/>
  <testcase classname="sprint_3_Negative.E_E_Commerce_Brands" name="b_addingBrandByGivingOnlyBrandNameTest" time="26.808"/>
  <system-out/>
  <testcase classname="sprint_3_Negative.E_E_Commerce_Brands" name="c_addingBrandByGivingOnlyBrandImageTest" time="29.938"/>
  <system-out/>
  <testcase classname="sprint_3_Negative.E_E_Commerce_Brands" name="d_brandsSearchFeildPassingValueWhichIsNotThereTest" time="24.062"/>
  <system-out/>
  <testcase classname="sprint_3_Negative.E_E_Commerce_Brands" name="e_brandAddingAndEditingItByRemovingBrandNameButUpdatingSuccessfullyErrorTest" time="47.065"/>
  <system-out/>
  <testcase classname="sprint_3_Negative.E_E_Commerce_Brands" name="f_TurningOffbrandsBootStrapButtonAndCheckingTheSameBrandDisplayingInProductsPageBrandDrpDwnListErrorTest" time="54.806"/>
  <system-out/>
</testsuite> <!-- sprint_3_Negative.E_E_Commerce_Brands -->
