<?xml version="1.0" encoding="UTF-8"?>
<!-- Generated by org.testng.reporters.JUnitReportReporter -->
<testsuite hostname="DESKTOP-VV0NNBG" failures="0" tests="1" name="Sprint_7_Positive.b_MatrikaLoginAndCheckingProductAvailable" time="31.270" errors="0" timestamp="2024-07-06T10:20:26 IST" skipped="0">
  <testcase classname="Sprint_7_Positive.b_MatrikaLoginAndCheckingProductAvailable" name="b_loginToMatrikaAndCheckingProductIsAvailabilityTest" time="31.270"/>
  <system-out/>
</testsuite> <!-- Sprint_7_Positive.b_MatrikaLoginAndCheckingProductAvailable -->
