<?xml version="1.0" encoding="UTF-8"?>
<!-- Generated by org.testng.reporters.JUnitReportReporter -->
<testsuite hostname="DESKTOP-VV0NNBG" failures="0" tests="2" name="sprint_3_Negative.G_E_Commerce_Transactions" time="47.167" errors="0" timestamp="2024-07-02T12:23:27 IST" skipped="0">
  <testcase classname="sprint_3_Negative.G_E_Commerce_Transactions" name="a_transactionsSearchFeildInvalidNameErrorTest" time="20.841"/>
  <system-out/>
  <testcase classname="sprint_3_Negative.G_E_Commerce_Transactions" name="b_transactionsSearchFeildUnregisteredNumberErrorTest" time="26.326"/>
  <system-out/>
</testsuite> <!-- sprint_3_Negative.G_E_Commerce_Transactions -->
