<?xml version="1.0" encoding="UTF-8"?>
<!-- Generated by org.testng.reporters.JUnitReportReporter -->
<testsuite hostname="DESKTOP-VV0NNBG" failures="0" tests="32" name="sprint_3_Negative.D_E_Commerce_Products" time="1162.303" errors="0" timestamp="2024-07-02T12:23:27 IST" skipped="0">
  <testcase classname="sprint_3_Negative.D_E_Commerce_Products" name="a_ClickOnproductsLinkProductListPageShouldNotDisplayErrorTest" time="21.728"/>
  <system-out/>
  <testcase classname="sprint_3_Negative.D_E_Commerce_Products" name="b_searchEditFeildProductTest" time="20.272"/>
  <system-out/>
  <testcase classname="sprint_3_Negative.D_E_Commerce_Products" name="c_addingProductNullTest" time="25.312"/>
  <system-out/>
  <testcase classname="sprint_3_Negative.D_E_Commerce_Products" name="d_productsGivingOnlyCategoryNameTest" time="37.906"/>
  <system-out/>
  <testcase classname="sprint_3_Negative.D_E_Commerce_Products" name="e_addingProductsByPassing2ValuesTest" time="35.781"/>
  <system-out/>
  <testcase classname="sprint_3_Negative.D_E_Commerce_Products" name="f_addingProductsByPassing3ValuesTest" time="38.328"/>
  <system-out/>
  <testcase classname="sprint_3_Negative.D_E_Commerce_Products" name="g_addingProductsByPassing4ValuesTest" time="41.700"/>
  <system-out/>
  <testcase classname="sprint_3_Negative.D_E_Commerce_Products" name="h_addingProductsByPassing5ValuesTest" time="42.256"/>
  <system-out/>
  <testcase classname="sprint_3_Negative.D_E_Commerce_Products" name="i_addingProductsByPassing6ValuesTest" time="42.260"/>
  <system-out/>
  <testcase classname="sprint_3_Negative.D_E_Commerce_Products" name="j_addingProductsByPassing7ValuesTest" time="44.762"/>
  <system-out/>
  <testcase classname="sprint_3_Negative.D_E_Commerce_Products" name="k_addingProductsByPassing8ValuesTest" time="47.986"/>
  <system-out/>
  <testcase classname="sprint_3_Negative.D_E_Commerce_Products" name="l_addingProductsByPassing9ValuesTest" time="50.657"/>
  <system-out/>
  <testcase classname="sprint_3_Negative.D_E_Commerce_Products" name="m_addingProductsByPassing10ValuesTest" time="50.872"/>
  <system-out/>
  <testcase classname="sprint_3_Negative.D_E_Commerce_Products" name="n_addingProductsByPassing11ValuesTest" time="53.396"/>
  <system-out/>
  <testcase classname="sprint_3_Negative.D_E_Commerce_Products" name="o_addingProductsByPassing12ValuesPassTest" time="58.315"/>
  <system-out/>
  <testcase classname="sprint_3_Negative.D_E_Commerce_Products" name="p_addProductsPageCloseTest" time="24.733"/>
  <system-out/>
  <testcase classname="sprint_3_Negative.D_E_Commerce_Products" name="q_productsWeight_SizePageTest" time="22.557"/>
  <system-out/>
  <testcase classname="sprint_3_Negative.D_E_Commerce_Products" name="r_productsWeight_AddingProductSizePassTest" time="31.135"/>
  <system-out/>
  <testcase classname="sprint_3_Negative.D_E_Commerce_Products" name="s_UpdateProductSizesPageShouldNotDisplayErrorTest" time="24.913"/>
  <system-out/>
  <testcase classname="sprint_3_Negative.D_E_Commerce_Products" name="t_productsWeight_SizePageEditPage_clearingDetailsPassTest" time="31.390"/>
  <system-out/>
  <testcase classname="sprint_3_Negative.D_E_Commerce_Products" name="u_productsWeight_SizePageEditPage_ClosingTest" time="26.948"/>
  <system-out/>
  <testcase classname="sprint_3_Negative.D_E_Commerce_Products" name="v_productsWeight_SizePageEditPage_BootStrapButtonTest" time="25.349"/>
  <system-out/>
  <testcase classname="sprint_3_Negative.D_E_Commerce_Products" name="w_productsWeight_SizePageEditPage_DeleteButtonTest" time="31.588"/>
  <system-out/>
  <testcase classname="sprint_3_Negative.D_E_Commerce_Products" name="x_product_StonePage_Adding_NullTest" time="39.333"/>
  <system-out/>
  <testcase classname="sprint_3_Negative.D_E_Commerce_Products" name="y_product_StonePage_Adding_StoneNameTest" time="41.034"/>
  <system-out/>
  <testcase classname="sprint_3_Negative.D_E_Commerce_Products" name="z_product_StonePage_Adding_StoneColourTest" time="40.932"/>
  <system-out/>
  <testcase classname="sprint_3_Negative.D_E_Commerce_Products" name="z27_product_StonePage_Adding_StonePriceTest" time="36.031"/>
  <system-out/>
  <testcase classname="sprint_3_Negative.D_E_Commerce_Products" name="z28_product_StonePage_Adding_StoneDetails_SuccessfullyTest" time="49.823"/>
  <system-out/>
  <testcase classname="sprint_3_Negative.D_E_Commerce_Products" name="z29_product_StonePage_Adding_StoneDetails_ClearingItHasToFailButPassTest" time="39.384"/>
  <system-out/>
  <testcase classname="sprint_3_Negative.D_E_Commerce_Products" name="z30_productPageActionEditButton_ClearingData3Test" time="30.772"/>
  <system-out/>
  <testcase classname="sprint_3_Negative.D_E_Commerce_Products" name="z31_productPageActionButton_ClearingData6PassTest" time="27.753"/>
  <system-out/>
  <testcase classname="sprint_3_Negative.D_E_Commerce_Products" name="z32_productPageActionButton_ClearingData8Test" time="27.097"/>
  <system-out/>
</testsuite> <!-- sprint_3_Negative.D_E_Commerce_Products -->
