<?xml version="1.0" encoding="UTF-8"?>
<!-- Generated by org.testng.reporters.JUnitReportReporter -->
<testsuite hostname="DESKTOP-VV0NNBG" failures="0" tests="12" name="Sprint_4_Negative.Splash_Banners" time="319.599" errors="0" timestamp="2024-07-03T14:37:20 IST" skipped="0">
  <testcase classname="Sprint_4_Negative.Splash_Banners" name="c_add_Splash_Banner_page_Date_Test" time="27.870"/>
  <system-out/>
  <testcase classname="Sprint_4_Negative.Splash_Banners" name="l_bootstrap_button_On_for_specific_Splash_banner_Up" time="19.087"/>
  <system-out/>
  <testcase classname="Sprint_4_Negative.Splash_Banners" name="g_add_Splash_Banner_page_Date_Image_Sequence_WrngData_Test" time="33.758"/>
  <system-out/>
  <testcase classname="Sprint_4_Negative.Splash_Banners" name="d_add_Splash_Banner_page_Image_Test" time="27.958"/>
  <system-out/>
  <testcase classname="Sprint_4_Negative.Splash_Banners" name="b_splash_Banner_Add_Button_Test" time="20.618"/>
  <system-out/>
  <testcase classname="Sprint_4_Negative.Splash_Banners" name="e_add_Splash_Banner_page_Date_Image_Test" time="30.420"/>
  <system-out/>
  <testcase classname="Sprint_4_Negative.Splash_Banners" name="h_add_Splash_Banner_page_Date_Image_Sequence_CloseBtn_Test" time="30.489"/>
  <system-out/>
  <testcase classname="Sprint_4_Negative.Splash_Banners" name="j_Edit_button_in_Splash_banner_page_Test" time="35.363"/>
  <system-out/>
  <testcase classname="Sprint_4_Negative.Splash_Banners" name="i_add_Splash_Banner_page_Date_Image_Sequence_WrongDate_Test" time="32.981"/>
  <system-out/>
  <testcase classname="Sprint_4_Negative.Splash_Banners" name="a_splash_Banner_Module_redirection_Test" time="18.545"/>
  <system-out/>
  <testcase classname="Sprint_4_Negative.Splash_Banners" name="k_bootstrap_button_off_for_specific_Splash_banner_Test" time="19.160"/>
  <system-out/>
  <testcase classname="Sprint_4_Negative.Splash_Banners" name="f_add_Splash_Banner_page_Sequence_Test" time="23.350"/>
  <system-out/>
</testsuite> <!-- Sprint_4_Negative.Splash_Banners -->
