<?xml version="1.0" encoding="UTF-8"?>
<!-- Generated by org.testng.reporters.JUnitReportReporter -->
<testsuite hostname="DESKTOP-VV0NNBG" failures="0" tests="1" name="Sprint_6_Positive_Negative.a_DashboardAllActions" time="53.103" errors="0" timestamp="2024-07-05T15:17:56 IST" skipped="0">
  <testcase classname="Sprint_6_Positive_Negative.a_DashboardAllActions" name="dashboardTransactionReportsTest" time="53.103"/>
  <system-out/>
</testsuite> <!-- Sprint_6_Positive_Negative.a_DashboardAllActions -->
