<?xml version="1.0" encoding="UTF-8"?>
<!-- Generated by org.testng.reporters.JUnitReportReporter -->
<testsuite hostname="DESKTOP-VV0NNBG" failures="0" tests="1" name="sprint_3_Positive.D_ECommerce_Brands_All_Actions" time="77.323" errors="0" timestamp="2024-07-06T11:10:39 IST" skipped="0">
  <testcase classname="sprint_3_Positive.D_ECommerce_Brands_All_Actions" name="a_addingBrandTest" time="77.323"/>
  <system-out/>
</testsuite> <!-- sprint_3_Positive.D_ECommerce_Brands_All_Actions -->
