<?xml version="1.0" encoding="UTF-8"?>
<!-- Generated by org.testng.reporters.JUnitReportReporter -->
<testsuite hostname="DESKTOP-VV0NNBG" failures="0" tests="5" name="sprint_3_Negative.F_E_Commerce_Orders" time="124.536" errors="0" timestamp="2024-07-02T12:23:27 IST" skipped="0">
  <testcase classname="sprint_3_Negative.F_E_Commerce_Orders" name="a_ordersToAndFromDateTest" time="20.720"/>
  <system-out/>
  <testcase classname="sprint_3_Negative.F_E_Commerce_Orders" name="b_searchingOrdersEnteringInvalidMobileNumberTest" time="22.437"/>
  <system-out/>
  <testcase classname="sprint_3_Negative.F_E_Commerce_Orders" name="c_searchingOrdersEnteringInFilterOptionTest" time="32.848"/>
  <system-out/>
  <testcase classname="sprint_3_Negative.F_E_Commerce_Orders" name="d_ordersViewButtonErrorTest" time="22.674"/>
  <system-out/>
  <testcase classname="sprint_3_Negative.F_E_Commerce_Orders" name="e_ordersStatusButtonTest" time="25.857"/>
  <system-out/>
</testsuite> <!-- sprint_3_Negative.F_E_Commerce_Orders -->
