<?xml version="1.0" encoding="UTF-8"?>
<!-- Generated by org.testng.reporters.JUnitReportReporter -->
<testsuite hostname="Vicky" failures="0" tests="1" name="Sprint_7_Positive_Negative.MatrikaLogin" time="30.540" errors="0" timestamp="2024-06-12T17:47:11 IST" skipped="0">
  <testcase classname="Sprint_7_Positive_Negative.MatrikaLogin" name="login" time="30.540"/>
  <system-out/>
</testsuite> <!-- Sprint_7_Positive_Negative.MatrikaLogin -->
