<?xml version="1.0" encoding="UTF-8"?>
<!-- Generated by org.testng.reporters.JUnitReportReporter -->
<testsuite hostname="DESKTOP-VV0NNBG" failures="0" tests="1" name="Sprint_5_Negative.b_CouponsAllActions" time="209.457" errors="0" timestamp="2024-07-03T17:15:06 IST" skipped="0">
  <testcase classname="Sprint_5_Negative.b_CouponsAllActions" name="a_couponListAllActionsTest" time="209.457"/>
  <system-out/>
</testsuite> <!-- Sprint_5_Negative.b_CouponsAllActions -->
