<?xml version="1.0" encoding="UTF-8"?>
<!-- Generated by org.testng.reporters.JUnitReportReporter -->
<testsuite hostname="DESKTOP-VV0NNBG" failures="0" tests="1" name="sprint_3_Positive.C_ECommerce_Product_All_Actions" time="248.169" errors="0" timestamp="2024-07-06T11:24:58 IST" skipped="0">
  <testcase classname="sprint_3_Positive.C_ECommerce_Product_All_Actions" name="eCommerceProductInfoTest" time="248.169"/>
  <system-out/>
</testsuite> <!-- sprint_3_Positive.C_ECommerce_Product_All_Actions -->
