<?xml version="1.0" encoding="UTF-8"?>
<!-- Generated by org.testng.reporters.JUnitReportReporter -->
<testsuite hostname="DESKTOP-VV0NNBG" failures="0" tests="1" name="sprint_3_Positive.E_ECommerce_Orders_All_Actions" time="69.200" errors="0" timestamp="2024-07-06T11:10:39 IST" skipped="0">
  <testcase classname="sprint_3_Positive.E_ECommerce_Orders_All_Actions" name="eCommerceOrders" time="69.200"/>
  <system-out/>
</testsuite> <!-- sprint_3_Positive.E_ECommerce_Orders_All_Actions -->
