<?xml version="1.0" encoding="UTF-8"?>
<!-- Generated by org.testng.reporters.JUnitReportReporter -->
<testsuite hostname="DESKTOP-VV0NNBG" failures="0" tests="20" name="Sprint_4_Negative.Admin_Coupon" time="628.564" errors="0" timestamp="2024-07-03T14:37:20 IST" skipped="0">
  <testcase classname="Sprint_4_Negative.Admin_Coupon" name="l_add_Admin_Coupon_Page_Search_Feild_Test" time="17.528"/>
  <system-out/>
  <testcase classname="Sprint_4_Negative.Admin_Coupon" name="i_add_Admin_Coupon_Page_Valid_Mobile_Number_Test" time="38.871"/>
  <system-out/>
  <testcase classname="Sprint_4_Negative.Admin_Coupon" name="r_add_Admin_Coupon_Page_View_Close_Button_Test" time="42.872"/>
  <system-out/>
  <testcase classname="Sprint_4_Negative.Admin_Coupon" name="s_add_Admin_Coupon_Page_View_Bootstrap_Button_Off_Test" time="19.210"/>
  <system-out/>
  <testcase classname="Sprint_4_Negative.Admin_Coupon" name="p_add_Admin_Coupon_Page_Edit_RMN_D_Test" time="38.687"/>
  <system-out/>
  <testcase classname="Sprint_4_Negative.Admin_Coupon" name="o_add_Admin_Coupon_Page_Edit_Less_Date_Test" time="0.000"/>
  <system-out/>
  <testcase classname="Sprint_4_Negative.Admin_Coupon" name="b_add_Admin_Coupon_Page_Amount_Test" time="23.804"/>
  <system-out/>
  <testcase classname="Sprint_4_Negative.Admin_Coupon" name="e_add_Admin_Coupon_Page_MobileNumberMissing_Test" time="33.431"/>
  <system-out/>
  <testcase classname="Sprint_4_Negative.Admin_Coupon" name="d_add_Admin_Coupon_Page_Amount_Date_Minimumamount_Test" time="31.564"/>
  <system-out/>
  <testcase classname="Sprint_4_Negative.Admin_Coupon" name="k_add_Admin_Coupon_Page_Close_Button_Test" time="36.130"/>
  <system-out/>
  <testcase classname="Sprint_4_Negative.Admin_Coupon" name="j_add_Admin_Coupon_Page_Unregistered_Mobile_Number_Test" time="38.168"/>
  <system-out/>
  <testcase classname="Sprint_4_Negative.Admin_Coupon" name="n_add_Admin_Coupon_Page_Edit_Expired_Date_Test" time="44.093"/>
  <system-out/>
  <testcase classname="Sprint_4_Negative.Admin_Coupon" name="f_add_Admin_Coupon_Page_MNM_MinimumAmount_Test" time="34.200"/>
  <system-out/>
  <testcase classname="Sprint_4_Negative.Admin_Coupon" name="g_add_Admin_Coupon_Page_Expired_Date_Test" time="39.159"/>
  <system-out/>
  <testcase classname="Sprint_4_Negative.Admin_Coupon" name="h_add_Admin_Coupon_Page_MinimumAmountEqual_Test" time="35.602"/>
  <system-out/>
  <testcase classname="Sprint_4_Negative.Admin_Coupon" name="m_add_Admin_Coupon_Page_Edit_Amount_Test" time="38.137"/>
  <system-out/>
  <testcase classname="Sprint_4_Negative.Admin_Coupon" name="a_add_Admin_Coupon_Test" time="25.492"/>
  <system-out/>
  <testcase classname="Sprint_4_Negative.Admin_Coupon" name="q_add_Admin_Coupon_Page_Edit_Test" time="42.472"/>
  <system-out/>
  <testcase classname="Sprint_4_Negative.Admin_Coupon" name="t_add_Admin_Coupon_Page_View_Bootstrap_Button_On_Test" time="19.447"/>
  <system-out/>
  <testcase classname="Sprint_4_Negative.Admin_Coupon" name="c_add_Admin_Coupon_Page_Amount_Date_Test" time="29.697"/>
  <system-out/>
</testsuite> <!-- Sprint_4_Negative.Admin_Coupon -->
