<?xml version="1.0" encoding="UTF-8"?>
<!-- Generated by org.testng.reporters.JUnitReportReporter -->
<testsuite hostname="DESKTOP-VV0NNBG" failures="0" tests="13" name="sprint_3_Negative.C_E_Commerce_Sub_Categories" time="382.140" errors="0" timestamp="2024-07-06T10:27:53 IST" skipped="0">
  <testcase classname="sprint_3_Negative.C_E_Commerce_Sub_Categories" name="a_ClickOnSubcategoriesLinkSubCategoryPageShoultNotDisplayErrorTest" time="25.170"/>
  <system-out/>
  <testcase classname="sprint_3_Negative.C_E_Commerce_Sub_Categories" name="b_SubCategory_SearchEdit_SearchedInvalidCategoryShouldDisplayErrorTest" time="25.001"/>
  <system-out/>
  <testcase classname="sprint_3_Negative.C_E_Commerce_Sub_Categories" name="c_addingSubCategoryNullErrorTest" time="26.475"/>
  <system-out/>
  <testcase classname="sprint_3_Negative.C_E_Commerce_Sub_Categories" name="d_addingSubCategoryByGivingOnlyCategoryNameErrorTest" time="26.801"/>
  <system-out/>
  <testcase classname="sprint_3_Negative.C_E_Commerce_Sub_Categories" name="e_Adding_SubCategoryByGiving2ValuesErrorTest" time="31.102"/>
  <system-out/>
  <testcase classname="sprint_3_Negative.C_E_Commerce_Sub_Categories" name="f_Adding_SubCategoryByGivingValidDetailsPassTest" time="31.523"/>
  <system-out/>
  <testcase classname="sprint_3_Negative.C_E_Commerce_Sub_Categories" name="g_SubCategoryEditButtonErrorTest" time="20.043"/>
  <system-out/>
  <testcase classname="sprint_3_Negative.C_E_Commerce_Sub_Categories" name="h_updatingWithoutPassingDetailsErrorTest" time="27.980"/>
  <system-out/>
  <testcase classname="sprint_3_Negative.C_E_Commerce_Sub_Categories" name="i_updatingByGivingOnlyCategoryNameErrorTest" time="39.969"/>
  <system-out/>
  <testcase classname="sprint_3_Negative.C_E_Commerce_Sub_Categories" name="j_updatingSubCategoryByPassing2ValuesErrorTest" time="32.296"/>
  <system-out/>
  <testcase classname="sprint_3_Negative.C_E_Commerce_Sub_Categories" name="k_subCategoryBootStrapButtonErrorTest" time="31.429"/>
  <system-out/>
  <testcase classname="sprint_3_Negative.C_E_Commerce_Sub_Categories" name="l_subCategoryDeleteButtonErrorTest" time="31.481"/>
  <system-out/>
  <testcase classname="sprint_3_Negative.C_E_Commerce_Sub_Categories" name="m_closingAddSubCategoryPageErrorTest" time="32.870"/>
  <system-out/>
</testsuite> <!-- sprint_3_Negative.C_E_Commerce_Sub_Categories -->
