<?xml version="1.0" encoding="UTF-8"?>
<!-- Generated by org.testng.reporters.JUnitReportReporter -->
<testsuite hostname="DESKTOP-Ayesha" failures="0" tests="1" name="Sprint_8_Positive.Settings" time="233.077" errors="0" timestamp="2024-08-20T16:58:54 IST" skipped="0">
  <testcase classname="Sprint_8_Positive.Settings" name="SettingsOtpList" time="233.077"/>
  <system-out/>
</testsuite> <!-- Sprint_8_Positive.Settings -->
