<?xml version="1.0" encoding="UTF-8"?>
<!-- Generated by org.testng.reporters.JUnitReportReporter -->
<testsuite hostname="DESKTOP-VV0NNBG" failures="0" tests="1" name="Sprint_7_Positive.c_Deleting_CategorySubCategoryAndProduct_In_Fms" time="67.694" errors="0" timestamp="2024-07-06T10:20:26 IST" skipped="0">
  <testcase classname="Sprint_7_Positive.c_Deleting_CategorySubCategoryAndProduct_In_Fms" name="c_DeletingCategorySubCategoryProductInFmsTest" time="67.694"/>
  <system-out/>
</testsuite> <!-- Sprint_7_Positive.c_Deleting_CategorySubCategoryAndProduct_In_Fms -->
