<?xml version="1.0" encoding="UTF-8"?>
<!-- Generated by org.testng.reporters.JUnitReportReporter -->
<testsuite hostname="DESKTOP-VV0NNBG" failures="0" tests="17" name="Sprint_4_Negative.Coupon_List" time="455.715" errors="0" timestamp="2024-07-03T14:37:20 IST" skipped="0">
  <testcase classname="Sprint_4_Negative.Coupon_List" name="i_coupon_List_search_Feild_Test" time="19.130"/>
  <system-out/>
  <testcase classname="Sprint_4_Negative.Coupon_List" name="b_add_Coupon_Page_Amount_Test" time="23.068"/>
  <system-out/>
  <testcase classname="Sprint_4_Negative.Coupon_List" name="o_coupon_List_Edit_Description_Feild_New_Data_Test" time="37.947"/>
  <system-out/>
  <testcase classname="Sprint_4_Negative.Coupon_List" name="m_coupon_List_Edit_Description_Feild_Empty_Test" time="35.747"/>
  <system-out/>
  <testcase classname="Sprint_4_Negative.Coupon_List" name="n_coupon_List_Edit_Coupon_with_Original_Data_Test" time="0.001"/>
  <system-out/>
  <testcase classname="Sprint_4_Negative.Coupon_List" name="f_add_Coupon_Page_Minimum_Amount_Less_Test" time="31.402"/>
  <system-out/>
  <testcase classname="Sprint_4_Negative.Coupon_List" name="d_add_Coupon_Page_Descripion_Missing_Test" time="29.264"/>
  <system-out/>
  <testcase classname="Sprint_4_Negative.Coupon_List" name="h_add_Coupon_Page_Minimum_Amount_Equal_Test" time="31.657"/>
  <system-out/>
  <testcase classname="Sprint_4_Negative.Coupon_List" name="e_add_Coupon_Page_Close_Button_Test" time="29.902"/>
  <system-out/>
  <testcase classname="Sprint_4_Negative.Coupon_List" name="g_add_Coupon_Page_Wrong_Date_Test" time="31.863"/>
  <system-out/>
  <testcase classname="Sprint_4_Negative.Coupon_List" name="j_coupon_List_Edit_Amount_Test" time="35.181"/>
  <system-out/>
  <testcase classname="Sprint_4_Negative.Coupon_List" name="c_add_Coupon_Page_Date_Test" time="25.084"/>
  <system-out/>
  <testcase classname="Sprint_4_Negative.Coupon_List" name="k_coupon_List_Edit_Wrong_Date_Test" time="31.464"/>
  <system-out/>
  <testcase classname="Sprint_4_Negative.Coupon_List" name="q_coupon_List_Bootstrap_Button_On_Test" time="16.487"/>
  <system-out/>
  <testcase classname="Sprint_4_Negative.Coupon_List" name="l_coupon_List_Edit_Expired_Date_Test" time="37.434"/>
  <system-out/>
  <testcase classname="Sprint_4_Negative.Coupon_List" name="a_add_Coupon_Test" time="22.846"/>
  <system-out/>
  <testcase classname="Sprint_4_Negative.Coupon_List" name="p_coupon_List_Bootstrap_Button_Off_Test" time="17.238"/>
  <system-out/>
</testsuite> <!-- Sprint_4_Negative.Coupon_List -->
