<?xml version="1.0" encoding="UTF-8"?>
<!-- Generated by org.testng.reporters.JUnitReportReporter -->
<testsuite hostname="DESKTOP-VV0NNBG" failures="0" tests="4" name="sprint_3_Positive.A_ECommerce_Category_All_Actions" time="249.188" errors="0" timestamp="2024-07-06T11:10:39 IST" skipped="0">
  <testcase classname="sprint_3_Positive.A_ECommerce_Category_All_Actions" name="a4_deletingParticularCategoryTest" time="60.940"/>
  <system-out/>
  <testcase classname="sprint_3_Positive.A_ECommerce_Category_All_Actions" name="a1_addingCaterogeyTest" time="65.017"/>
  <system-out/>
  <testcase classname="sprint_3_Positive.A_ECommerce_Category_All_Actions" name="a2_editingCategoryTest" time="64.981"/>
  <system-out/>
  <testcase classname="sprint_3_Positive.A_ECommerce_Category_All_Actions" name="a3_categoryBootStrapButtonTurningOnOrOffTest" time="58.250"/>
  <system-out/>
</testsuite> <!-- sprint_3_Positive.A_ECommerce_Category_All_Actions -->
