<?xml version="1.0" encoding="UTF-8"?>
<!-- Generated by org.testng.reporters.JUnitReportReporter -->
<testsuite hostname="DESKTOP-VV0NNBG" failures="0" tests="1" name="Sprint_5_Negative.d_GiftCardsAllActions" time="95.242" errors="0" timestamp="2024-07-03T15:37:18 IST" skipped="0">
  <testcase classname="Sprint_5_Negative.d_GiftCardsAllActions" name="a_giftCardsAllActionsTest" time="95.242"/>
  <system-out/>
</testsuite> <!-- Sprint_5_Negative.d_GiftCardsAllActions -->
