<?xml version="1.0" encoding="UTF-8"?>
<!-- Generated by org.testng.reporters.JUnitReportReporter -->
<testsuite hostname="DESKTOP-VV0NNBG" failures="0" tests="14" name="sprint_3_Negative.B_E_Commerce_Categories" time="364.275" errors="0" timestamp="2024-07-06T10:34:54 IST" skipped="0">
  <testcase classname="sprint_3_Negative.B_E_Commerce_Categories" name="a_clickOnECommercelink_ECommerceDrpDwnShouldNotDropOptionsErrorTest" time="19.166"/>
  <system-out/>
  <testcase classname="sprint_3_Negative.B_E_Commerce_Categories" name="b_clickOnCategoriesLinkCategoryListPageShouldNotDisplayErrorTest" time="19.045"/>
  <system-out/>
  <testcase classname="sprint_3_Negative.B_E_Commerce_Categories" name="c_searchForAcategoryWhichIsNotAvailableInCategoryListPageErrorTest" time="24.042"/>
  <system-out/>
  <testcase classname="sprint_3_Negative.B_E_Commerce_Categories" name="d_clickOnCategoryLinkCategoryListPageShouldNotDisplayErrorTest" time="20.237"/>
  <system-out/>
  <testcase classname="sprint_3_Negative.B_E_Commerce_Categories" name="e_addingCategoryByGivingNullValuesErrorTest" time="22.957"/>
  <system-out/>
  <testcase classname="sprint_3_Negative.B_E_Commerce_Categories" name="f_addingCategoryByGivingOnlyNameErrorTest" time="28.487"/>
  <system-out/>
  <testcase classname="sprint_3_Negative.B_E_Commerce_Categories" name="g_addingCategoryByGivingOnlyImageErrorTest" time="39.738"/>
  <system-out/>
  <testcase classname="sprint_3_Negative.B_E_Commerce_Categories" name="h_clickOnCloseBtnCategoryPageShouldNotCloseTest" time="21.505"/>
  <system-out/>
  <testcase classname="sprint_3_Negative.B_E_Commerce_Categories" name="i_addingCategoryByGivingValidDetailsPassTest" time="38.977"/>
  <system-out/>
  <testcase classname="sprint_3_Negative.B_E_Commerce_Categories" name="j_clickOnParticularCategoryEditButtonUpdatePageShouldNotOpenErrorTest" time="30.897"/>
  <system-out/>
  <testcase classname="sprint_3_Negative.B_E_Commerce_Categories" name="k_updatingCategoryByGivingOnlyImagePassErrorTest" time="35.354"/>
  <system-out/>
  <testcase classname="sprint_3_Negative.B_E_Commerce_Categories" name="l_clickOnCloseBtnUpdateCategoryPageShouldNotCloseErrorTest" time="21.715"/>
  <system-out/>
  <testcase classname="sprint_3_Negative.B_E_Commerce_Categories" name="m_clickOnCategoriesBootStrapButtonStatusShouldNotUpdateTest" time="20.219"/>
  <system-out/>
  <testcase classname="sprint_3_Negative.B_E_Commerce_Categories" name="n_clickOnParticularCategoryDeleteButtonCategoryShouldNotDeleteTest" time="21.936"/>
  <system-out/>
</testsuite> <!-- sprint_3_Negative.B_E_Commerce_Categories -->
